<?xml version="1.0" encoding="UTF-8"?>
<!-- Generated by org.testng.reporters.JUnitReportReporter -->
<testsuite hostname="RYANESC01" failures="0" tests="8" name="Emapta.Exam.PageTest" time="97.817" errors="0" timestamp="2021-03-18T15:49:57 SGT" skipped="0">
  <testcase classname="Emapta.Exam.PageTest" name="validation6" time="13.390"/>
  <system-out/>
  <testcase classname="Emapta.Exam.PageTest" name="validation5" time="10.215"/>
  <system-out/>
  <testcase classname="Emapta.Exam.PageTest" name="validation7" time="10.220"/>
  <system-out/>
  <testcase classname="Emapta.Exam.PageTest" name="validation3" time="10.169"/>
  <system-out/>
  <testcase classname="Emapta.Exam.PageTest" name="validation4" time="12.649"/>
  <system-out/>
  <testcase classname="Emapta.Exam.PageTest" name="validation" time="21.336"/>
  <system-out/>
  <testcase classname="Emapta.Exam.PageTest" name="validation2" time="10.953"/>
  <system-out/>
  <testcase classname="Emapta.Exam.PageTest" name="validation1" time="8.885"/>
  <system-out/>
</testsuite> <!-- Emapta.Exam.PageTest -->
