<?xml version="1.0" encoding="UTF-8"?>
<!-- Generated by org.testng.reporters.JUnitReportReporter -->
<testsuite hostname="RYANESC01" failures="0" tests="8" name="Emapta.Exam.Page" time="88.213" errors="0" timestamp="2021-03-18T15:35:09 SGT" skipped="0">
  <testcase classname="Emapta.Exam.Page" name="validation" time="21.917"/>
  <system-out/>
  <testcase classname="Emapta.Exam.Page" name="validation4" time="10.660"/>
  <system-out/>
  <testcase classname="Emapta.Exam.Page" name="validation1" time="8.831"/>
  <system-out/>
  <testcase classname="Emapta.Exam.Page" name="validation2" time="9.226"/>
  <system-out/>
  <testcase classname="Emapta.Exam.Page" name="validation5" time="9.792"/>
  <system-out/>
  <testcase classname="Emapta.Exam.Page" name="validation3" time="9.287"/>
  <system-out/>
  <testcase classname="Emapta.Exam.Page" name="validation6" time="9.591"/>
  <system-out/>
  <testcase classname="Emapta.Exam.Page" name="validation7" time="8.909"/>
  <system-out/>
</testsuite> <!-- Emapta.Exam.Page -->
